#
# A fatal error has been detected by the Java Runtime Environment:
#
#  EXCEPTION_ACCESS_VIOLATION (0xc0000005) at pc=0x0000000000000000, pid=6136, tid=0x0000000000000928
#
# JRE version: Java(TM) SE Runtime Environment (8.0_191-b12) (build 1.8.0_191-b12)
# Java VM: Java HotSpot(TM) 64-Bit Server VM (25.191-b12 mixed mode windows-amd64 compressed oops)
# Problematic frame:
# C  0x0000000000000000
#
# Failed to write core dump. Minidumps are not enabled by default on client versions of Windows
#
# If you would like to submit a bug report, please visit:
#   http://bugreport.java.com/bugreport/crash.jsp
# The crash happened outside the Java Virtual Machine in native code.
# See problematic frame for where to report the bug.
#

---------------  T H R E A D  ---------------

Current thread (0x0000000056e19000):  JavaThread "LWJGL Application" [_thread_in_native, id=2344, stack(0x0000000058ae0000,0x0000000058be0000)]

siginfo: ExceptionCode=0xc0000005, ExceptionInformation=0x0000000000000008 0x0000000000000000

Registers:
RAX=0x00000000004e07c0, RBX=0x00000000004d47f0, RCX=0x00000000005cfc40, RDX=0x00000000004a3b60
RSP=0x0000000058bdef08, RBP=0x00000000004a3b60, RSI=0x0000000058bdefd0, RDI=0x00000000004a3b60
R8 =0x00000000004d0780, R9 =0x0000000058bdefd0, R10=0x00000000027b8bfb, R11=0x0000000063aacb30
R12=0x0000000000000000, R13=0x0000000054d58940, R14=0x0000000058bdf150, R15=0x0000000056e19000
RIP=0x0000000000000000, EFLAGS=0x0000000000010202

Top of Stack: (sp=0x0000000058bdef08)
0x0000000058bdef08:   000000006e9df82c 0000000058bdef90
0x0000000058bdef18:   0000000000000000 00000000004d0780
0x0000000058bdef28:   0000000020200021 00000000004a3b60
0x0000000058bdef38:   00000000004d0780 00000000004d47f0
0x0000000058bdef48:   00000000004a3b60 0000000058bdefd0
0x0000000058bdef58:   000000006e9de6c9 0000000058bdf000
0x0000000058bdef68:   0000000000000000 0000000000000000
0x0000000058bdef78:   000000006e9c2e71 0000000056e19000
0x0000000058bdef88:   0000000054d58940 0000000020200021
0x0000000058bdef98:   00000000027a8331 0000000058bdf0d8
0x0000000058bdefa8:   000000006e9e49bd 0000000058bdf120
0x0000000058bdefb8:   0000000000000109 0000ad4a21601e5c
0x0000000058bdefc8:   0000000056e19000 00000000005cfc40
0x0000000058bdefd8:   0000000000000000 000000003e4ccccd
0x0000000058bdefe8:   0002000100000000 0000000000000004
0x0000000058bdeff8:   0000000058fb1be0 00000000000000b5 

Instructions: (pc=0x0000000000000000)
0xffffffffffffffe0:   


Register to memory mapping:

RAX=0x00000000004e07c0 is an unknown value
RBX=0x00000000004d47f0 is an unknown value
RCX=0x00000000005cfc40 is an unknown value
RDX=0x00000000004a3b60 is an unknown value
RSP=0x0000000058bdef08 is pointing into the stack for thread: 0x0000000056e19000
RBP=0x00000000004a3b60 is an unknown value
RSI=0x0000000058bdefd0 is pointing into the stack for thread: 0x0000000056e19000
RDI=0x00000000004a3b60 is an unknown value
R8 =0x00000000004d0780 is an unknown value
R9 =0x0000000058bdefd0 is pointing into the stack for thread: 0x0000000056e19000
R10=0x00000000027b8bfb is at code_begin+891 in an Interpreter codelet
method entry point (kind = native)  [0x00000000027b8880, 0x00000000027b9240]  2496 bytes
R11=0x0000000063aacb30 is an unknown value
R12=0x0000000000000000 is an unknown value
R13={method} {0x0000000054d58948} 'jniCreateFixture' '(JJFFFZSSS)J' in 'com/badlogic/gdx/physics/box2d/Body'
R14=0x0000000058bdf150 is pointing into the stack for thread: 0x0000000056e19000
R15=0x0000000056e19000 is a thread


Stack: [0x0000000058ae0000,0x0000000058be0000],  sp=0x0000000058bdef08,  free space=1019k
Native frames: (J=compiled Java code, j=interpreted, Vv=VM code, C=native code)

Java frames: (J=compiled Java code, j=interpreted, Vv=VM code)
j  com.badlogic.gdx.physics.box2d.Body.jniCreateFixture(JJFFFZSSS)J+0
j  com.badlogic.gdx.physics.box2d.Body.createFixture(Lcom/badlogic/gdx/physics/box2d/FixtureDef;)Lcom/badlogic/gdx/physics/box2d/Fixture;+49
j  com.bunny.game.states.Play.createPlayer()V+160
j  com.bunny.game.states.Play.<init>(Lcom/bunny/game/handlers/GameStateManager;)V+66
j  com.bunny.game.handlers.GameStateManager.getState(I)Lcom/bunny/game/states/GameState;+9
j  com.bunny.game.handlers.GameStateManager.pushState(I)V+6
j  com.bunny.game.handlers.GameStateManager.<init>(Lcom/bunny/game/main/Game;)V+22
j  com.bunny.game.main.Game.create()V+118
j  com.badlogic.gdx.backends.lwjgl.LwjglApplication.mainLoop()V+29
j  com.badlogic.gdx.backends.lwjgl.LwjglApplication$1.run()V+27
v  ~StubRoutines::call_stub

---------------  P R O C E S S  ---------------

Java Threads: ( => current thread )
  0x0000000001eaf000 JavaThread "DestroyJavaVM" [_thread_blocked, id=4300, stack(0x00000000023d0000,0x00000000024d0000)]
=>0x0000000056e19000 JavaThread "LWJGL Application" [_thread_in_native, id=2344, stack(0x0000000058ae0000,0x0000000058be0000)]
  0x0000000056b78800 JavaThread "Service Thread" daemon [_thread_blocked, id=2084, stack(0x0000000057140000,0x0000000057240000)]
  0x0000000056af7800 JavaThread "C1 CompilerThread2" daemon [_thread_blocked, id=3640, stack(0x0000000057000000,0x0000000057100000)]
  0x0000000056af6800 JavaThread "C2 CompilerThread1" daemon [_thread_blocked, id=5776, stack(0x0000000056350000,0x0000000056450000)]
  0x000000005511d000 JavaThread "C2 CompilerThread0" daemon [_thread_blocked, id=4416, stack(0x00000000569f0000,0x0000000056af0000)]
  0x000000005511a800 JavaThread "Attach Listener" daemon [_thread_blocked, id=3284, stack(0x00000000567f0000,0x00000000568f0000)]
  0x0000000055113800 JavaThread "Signal Dispatcher" daemon [_thread_blocked, id=4568, stack(0x0000000056570000,0x0000000056670000)]
  0x00000000550fc000 JavaThread "Finalizer" daemon [_thread_blocked, id=688, stack(0x0000000056460000,0x0000000056560000)]
  0x00000000550b3000 JavaThread "Reference Handler" daemon [_thread_blocked, id=5704, stack(0x0000000056230000,0x0000000056330000)]

Other Threads:
  0x00000000550ab800 VMThread [stack: 0x00000000560f0000,0x00000000561f0000] [id=5064]
  0x0000000056b95000 WatcherThread [stack: 0x00000000566c0000,0x00000000567c0000] [id=1452]

VM state:not at safepoint (normal execution)

VM Mutex/Monitor currently owned by a thread: None

Heap:
 PSYoungGen      total 18944K, used 11140K [0x00000000eae00000, 0x00000000ec300000, 0x0000000100000000)
  eden space 16384K, 67% used [0x00000000eae00000,0x00000000eb8e1080,0x00000000ebe00000)
  from space 2560K, 0% used [0x00000000ec080000,0x00000000ec080000,0x00000000ec300000)
  to   space 2560K, 0% used [0x00000000ebe00000,0x00000000ebe00000,0x00000000ec080000)
 ParOldGen       total 44032K, used 0K [0x00000000c0a00000, 0x00000000c3500000, 0x00000000eae00000)
  object space 44032K, 0% used [0x00000000c0a00000,0x00000000c0a00000,0x00000000c3500000)
 Metaspace       used 6671K, capacity 7139K, committed 7424K, reserved 1056768K
  class space    used 635K, capacity 688K, committed 768K, reserved 1048576K

Card table byte_map: [0x0000000011b60000,0x0000000011d60000] byte_map_base: 0x000000001155b000

Marking Bits: (ParMarkBitMap*) 0x00000000640a3e30
 Begin Bits: [0x0000000012570000, 0x0000000013548000)
 End Bits:   [0x0000000013548000, 0x0000000014520000)

Polling page: 0x0000000000120000

CodeCache: size=245760Kb used=2237Kb max_used=2237Kb free=243522Kb
 bounds [0x00000000027a0000, 0x0000000002a10000, 0x00000000117a0000]
 total_blobs=917 nmethods=441 adapters=389
 compilation: enabled

Compilation events (10 events):
Event: 1.033 Thread 0x0000000056af7800 nmethod 434 0x00000000029ca9d0 code [0x00000000029cab40, 0x00000000029cad28]
Event: 1.033 Thread 0x0000000056af7800  435       3       java.lang.Exception::<init> (7 bytes)
Event: 1.033 Thread 0x0000000056af7800 nmethod 435 0x00000000029cae10 code [0x00000000029caf80, 0x00000000029cb108]
Event: 1.034 Thread 0x0000000056af7800  436   !   3       java.util.zip.ZipFile$ZipFileInflaterInputStream::close (67 bytes)
Event: 1.035 Thread 0x0000000056af7800 nmethod 436 0x00000000029cb190 code [0x00000000029cb360, 0x00000000029cbb58]
Event: 1.035 Thread 0x0000000056af7800  437       3       java.util.zip.InflaterInputStream::close (34 bytes)
Event: 1.035 Thread 0x0000000056af7800 nmethod 437 0x00000000029cbf10 code [0x00000000029cc080, 0x00000000029cc378]
Event: 1.035 Thread 0x0000000056af7800  438   !   3       java.net.URLClassLoader::definePackageInternal (81 bytes)
Event: 1.035 Thread 0x0000000056af7800 nmethod 438 0x00000000029cc490 code [0x00000000029cc6a0, 0x00000000029cd1d8]
Event: 1.035 Thread 0x0000000056af7800  439       3       java.net.URLClassLoader::getAndVerifyPackage (109 bytes)

GC Heap History (0 events):
No events

Deoptimization events (0 events):
No events

Classes redefined (0 events):
No events

Internal exceptions (10 events):
Event: 0.127 Thread 0x0000000001eaf000 Exception <a 'java/security/PrivilegedActionException'> (0x00000000eb005bb0) thrown at [C:\re\workspace\8-2-build-windows-amd64-cygwin\jdk8u191\11896\hotspot\src\share\vm\prims\jvm.cpp, line 1435]
Event: 0.127 Thread 0x0000000001eaf000 Exception <a 'java/security/PrivilegedActionException'> (0x00000000eb005dc0) thrown at [C:\re\workspace\8-2-build-windows-amd64-cygwin\jdk8u191\11896\hotspot\src\share\vm\prims\jvm.cpp, line 1435]
Event: 0.127 Thread 0x0000000001eaf000 Exception <a 'java/security/PrivilegedActionException'> (0x00000000eb009a30) thrown at [C:\re\workspace\8-2-build-windows-amd64-cygwin\jdk8u191\11896\hotspot\src\share\vm\prims\jvm.cpp, line 1435]
Event: 0.127 Thread 0x0000000001eaf000 Exception <a 'java/security/PrivilegedActionException'> (0x00000000eb009c40) thrown at [C:\re\workspace\8-2-build-windows-amd64-cygwin\jdk8u191\11896\hotspot\src\share\vm\prims\jvm.cpp, line 1435]
Event: 0.599 Thread 0x0000000001eaf000 Exception <a 'java/security/PrivilegedActionException'> (0x00000000eb1791f0) thrown at [C:\re\workspace\8-2-build-windows-amd64-cygwin\jdk8u191\11896\hotspot\src\share\vm\prims\jvm.cpp, line 1435]
Event: 0.599 Thread 0x0000000001eaf000 Exception <a 'java/security/PrivilegedActionException'> (0x00000000eb17aec8) thrown at [C:\re\workspace\8-2-build-windows-amd64-cygwin\jdk8u191\11896\hotspot\src\share\vm\prims\jvm.cpp, line 1435]
Event: 0.599 Thread 0x0000000001eaf000 Exception <a 'java/security/PrivilegedActionException'> (0x00000000eb17c038) thrown at [C:\re\workspace\8-2-build-windows-amd64-cygwin\jdk8u191\11896\hotspot\src\share\vm\prims\jvm.cpp, line 1435]
Event: 0.599 Thread 0x0000000001eaf000 Exception <a 'java/security/PrivilegedActionException'> (0x00000000eb1811a0) thrown at [C:\re\workspace\8-2-build-windows-amd64-cygwin\jdk8u191\11896\hotspot\src\share\vm\prims\jvm.cpp, line 1435]
Event: 0.599 Thread 0x0000000001eaf000 Exception <a 'java/security/PrivilegedActionException'> (0x00000000eb181df8) thrown at [C:\re\workspace\8-2-build-windows-amd64-cygwin\jdk8u191\11896\hotspot\src\share\vm\prims\jvm.cpp, line 1435]
Event: 0.599 Thread 0x0000000001eaf000 Exception <a 'java/security/PrivilegedActionException'> (0x00000000eb182a20) thrown at [C:\re\workspace\8-2-build-windows-amd64-cygwin\jdk8u191\11896\hotspot\src\share\vm\prims\jvm.cpp, line 1435]

Events (10 events):
Event: 1.032 loading class com/badlogic/gdx/physics/box2d/Body
Event: 1.032 loading class com/badlogic/gdx/physics/box2d/Body done
Event: 1.033 loading class com/badlogic/gdx/physics/box2d/Transform
Event: 1.033 loading class com/badlogic/gdx/physics/box2d/Transform done
Event: 1.034 loading class com/badlogic/gdx/physics/box2d/MassData
Event: 1.034 loading class com/badlogic/gdx/physics/box2d/MassData done
Event: 1.034 loading class com/badlogic/gdx/physics/box2d/Fixture
Event: 1.034 loading class com/badlogic/gdx/physics/box2d/Fixture done
Event: 1.035 loading class com/badlogic/gdx/physics/box2d/EdgeShape
Event: 1.035 loading class com/badlogic/gdx/physics/box2d/EdgeShape done


Dynamic libraries:
0x000000013fea0000 - 0x000000013fed7000 	C:\Program Files\Java\jre1.8.0_191\bin\javaw.exe
0x0000000077bd0000 - 0x0000000077d6f000 	C:\Windows\SYSTEM32\ntdll.dll
0x00000000779b0000 - 0x0000000077acf000 	C:\Windows\system32\kernel32.dll
0x000007fefd750000 - 0x000007fefd7ba000 	C:\Windows\system32\KERNELBASE.dll
0x000007feff930000 - 0x000007feffa0b000 	C:\Windows\system32\ADVAPI32.dll
0x000007feff670000 - 0x000007feff70f000 	C:\Windows\system32\msvcrt.dll
0x000007feff910000 - 0x000007feff92f000 	C:\Windows\SYSTEM32\sechost.dll
0x000007fefe290000 - 0x000007fefe3bd000 	C:\Windows\system32\RPCRT4.dll
0x0000000077ad0000 - 0x0000000077bca000 	C:\Windows\system32\USER32.dll
0x000007feff820000 - 0x000007feff887000 	C:\Windows\system32\GDI32.dll
0x000007fefe540000 - 0x000007fefe54e000 	C:\Windows\system32\LPK.dll
0x000007fefe470000 - 0x000007fefe53b000 	C:\Windows\system32\USP10.dll
0x000007fefc040000 - 0x000007fefc234000 	C:\Windows\WinSxS\amd64_microsoft.windows.common-controls_6595b64144ccf1df_6.0.7601.18837_none_fa3b1e3d17594757\COMCTL32.dll
0x000007feff890000 - 0x000007feff901000 	C:\Windows\system32\SHLWAPI.dll
0x000007fefe260000 - 0x000007fefe28e000 	C:\Windows\system32\IMM32.DLL
0x000007feff710000 - 0x000007feff819000 	C:\Windows\system32\MSCTF.dll
0x000000006b180000 - 0x000000006b252000 	C:\Program Files\Java\jre1.8.0_191\bin\msvcr100.dll
0x0000000063880000 - 0x0000000064124000 	C:\Program Files\Java\jre1.8.0_191\bin\server\jvm.dll
0x000007fee44f0000 - 0x000007fee44f9000 	C:\Windows\system32\WSOCK32.dll
0x000007fefe3c0000 - 0x000007fefe40d000 	C:\Windows\system32\WS2_32.dll
0x000007fefddb0000 - 0x000007fefddb8000 	C:\Windows\system32\NSI.dll
0x000007fefb160000 - 0x000007fefb19b000 	C:\Windows\system32\WINMM.dll
0x000007fefc730000 - 0x000007fefc73c000 	C:\Windows\system32\VERSION.dll
0x0000000077d70000 - 0x0000000077d77000 	C:\Windows\system32\PSAPI.DLL
0x0000000073fd0000 - 0x0000000073fdf000 	C:\Program Files\Java\jre1.8.0_191\bin\verify.dll
0x0000000073fa0000 - 0x0000000073fc9000 	C:\Program Files\Java\jre1.8.0_191\bin\java.dll
0x0000000073f80000 - 0x0000000073f96000 	C:\Program Files\Java\jre1.8.0_191\bin\zip.dll
0x000007fefe750000 - 0x000007feff4da000 	C:\Windows\system32\SHELL32.dll
0x000007fefe550000 - 0x000007fefe74f000 	C:\Windows\system32\ole32.dll
0x000007fefd730000 - 0x000007fefd73f000 	C:\Windows\system32\profapi.dll
0x0000000065ac0000 - 0x0000000065b26000 	C:\Users\user\AppData\Local\Temp\libgdxuser\3bb29ed3\gdx64.dll
0x000007fefcf00000 - 0x000007fefcf18000 	C:\Windows\system32\CRYPTSP.dll
0x000007fefcc00000 - 0x000007fefcc47000 	C:\Windows\system32\rsaenh.dll
0x000007fefd8c0000 - 0x000007fefd8de000 	C:\Windows\system32\USERENV.dll
0x000007fefd5c0000 - 0x000007fefd5cf000 	C:\Windows\system32\CRYPTBASE.dll
0x000000006b160000 - 0x000000006b17a000 	C:\Program Files\Java\jre1.8.0_191\bin\net.dll
0x000007fefcea0000 - 0x000007fefcef5000 	C:\Windows\system32\mswsock.dll
0x000007fefce90000 - 0x000007fefce97000 	C:\Windows\System32\wship6.dll
0x000007fefaf70000 - 0x000007fefaf97000 	C:\Windows\system32\IPHLPAPI.DLL
0x000007fefaf50000 - 0x000007fefaf5b000 	C:\Windows\system32\WINNSI.DLL
0x000007fefac90000 - 0x000007fefaca8000 	C:\Windows\system32\dhcpcsvc.DLL
0x000007fefa880000 - 0x000007fefa891000 	C:\Windows\system32\dhcpcsvc6.DLL
0x000000006b140000 - 0x000000006b151000 	C:\Program Files\Java\jre1.8.0_191\bin\nio.dll
0x0000000180000000 - 0x0000000180053000 	C:\Users\user\AppData\Local\Temp\libgdxuser\dc0f0009\lwjgl64.dll
0x000007fed8b50000 - 0x000007fed8c6d000 	C:\Windows\system32\OPENGL32.dll
0x000007fee4500000 - 0x000007fee452d000 	C:\Windows\system32\GLU32.dll
0x000007fed8a50000 - 0x000007fed8b41000 	C:\Windows\system32\DDRAW.dll
0x000007fefbad0000 - 0x000007fefbad8000 	C:\Windows\system32\DCIMAN32.dll
0x000007fefde60000 - 0x000007fefe037000 	C:\Windows\system32\SETUPAPI.dll
0x000007fefd860000 - 0x000007fefd896000 	C:\Windows\system32\CFGMGR32.dll
0x000007fefe040000 - 0x000007fefe11a000 	C:\Windows\system32\OLEAUT32.dll
0x000007fefd8a0000 - 0x000007fefd8ba000 	C:\Windows\system32\DEVOBJ.dll
0x000007fefc530000 - 0x000007fefc548000 	C:\Windows\system32\dwmapi.dll
0x000007fed59b0000 - 0x000007fed5aa0000 	C:\Users\user\AppData\Local\Temp\libgdxuser\dc0f0009\OpenAL64.dll
0x000007fefc7a0000 - 0x000007fefc7a3000 	C:\Windows\system32\api-ms-win-core-synch-l1-2-0.DLL
0x000007fefba60000 - 0x000007fefbab6000 	C:\Windows\system32\uxtheme.dll
0x000007fefddc0000 - 0x000007fefde59000 	C:\Windows\system32\CLBCatQ.DLL
0x000007fefbec0000 - 0x000007fefbfec000 	C:\Windows\System32\PROPSYS.dll
0x000007fefd8e0000 - 0x000007fefd91b000 	C:\Windows\system32\WINTRUST.dll
0x000007fefd960000 - 0x000007fefdacd000 	C:\Windows\system32\CRYPT32.dll
0x000007fefd720000 - 0x000007fefd72f000 	C:\Windows\system32\MSASN1.dll
0x000007fefbc20000 - 0x000007fefbc6b000 	C:\Windows\System32\MMDevApi.dll
0x000007fefa960000 - 0x000007fefa9af000 	C:\Windows\system32\AUDIOSES.DLL
0x000007fee4b40000 - 0x000007fee4b58000 	C:\Windows\system32\atig6pxx.dll
0x000000005ba50000 - 0x000000005d84d000 	C:\Windows\system32\atio6axx.dll
0x000007fed51a0000 - 0x000007fed52e1000 	C:\Windows\system32\atiadlxx.dll
0x000007fefc920000 - 0x000007fefc931000 	C:\Windows\system32\WTSAPI32.dll
0x000007feddf40000 - 0x000007feddf6c000 	C:\Windows\system32\atig6txx.dll
0x000007fee7420000 - 0x000007fee74bc000 	C:\Windows\system32\mscms.dll
0x000007fee60d0000 - 0x000007fee6112000 	C:\Windows\system32\icm32.dll
0x000000006e9c0000 - 0x000000006ea4c000 	C:\Users\user\AppData\Local\Temp\libgdxuser\95482ceb\gdx-box2d64.dll
0x000007fee7810000 - 0x000007fee7935000 	C:\Windows\system32\dbghelp.dll

VM Arguments:
jvm_args: -Dfile.encoding=Cp1252 
java_command: com.bunny.game.main.BlockBunnyDesktop
java_class_path (initial): C:\Program Files\Java\jre1.8.0_191\lib\resources.jar;C:\Program Files\Java\jre1.8.0_191\lib\rt.jar;C:\Program Files\Java\jre1.8.0_191\lib\jsse.jar;C:\Program Files\Java\jre1.8.0_191\lib\jce.jar;C:\Program Files\Java\jre1.8.0_191\lib\charsets.jar;C:\Program Files\Java\jre1.8.0_191\lib\jfr.jar;C:\Program Files\Java\jre1.8.0_191\lib\ext\access-bridge-64.jar;C:\Program Files\Java\jre1.8.0_191\lib\ext\cldrdata.jar;C:\Program Files\Java\jre1.8.0_191\lib\ext\dnsns.jar;C:\Program Files\Java\jre1.8.0_191\lib\ext\jaccess.jar;C:\Program Files\Java\jre1.8.0_191\lib\ext\jfxrt.jar;C:\Program Files\Java\jre1.8.0_191\lib\ext\localedata.jar;C:\Program Files\Java\jre1.8.0_191\lib\ext\nashorn.jar;C:\Program Files\Java\jre1.8.0_191\lib\ext\sunec.jar;C:\Program Files\Java\jre1.8.0_191\lib\ext\sunjce_provider.jar;C:\Program Files\Java\jre1.8.0_191\lib\ext\sunmscapi.jar;C:\Program Files\Java\jre1.8.0_191\lib\ext\sunpkcs11.jar;C:\Program Files\Java\jre1.8.0_191\lib\ext\zipfs.jar;F:\Java\Block Bunny\bin;F:\Java\Block Bunny\libs\gdx-backend-lwjgl-natives.jar;F:\Java\Block Bunny\libs\gdx-backend-lwjgl.jar;F:\Java\Block Bunny\libs\gdx-natives.jar;F:\Java\Block Bunny\libs\gdx.jar;F:\Java\Block Bunny\libs\gdx-box2d-natives.jar;F:\Java\Block Bunny\libs\gdx-box2d.jar
Launcher Type: SUN_STANDARD

Environment Variables:
PATH=C:/Program Files/Java/jre1.8.0_191/bin/server;C:/Program Files/Java/jre1.8.0_191/bin;C:/Program Files/Java/jre1.8.0_191/lib/amd64;C:\Program Files (x86)\Common Files\Oracle\Java\javapath;C:\Windows\system32;C:\Windows;C:\Windows\System32\Wbem;C:\Windows\System32\WindowsPowerShell\v1.0\;C:\Windows\CCM;C:\Windows\CCM;C:\Windows\CCM;C:\Program Files (x86)\Brackets\command;C:\Program Files\Java\jdk-11.0.1\bin;E:\java\ide\eclipse;
USERNAME=user
OS=Windows_NT
PROCESSOR_IDENTIFIER=Intel64 Family 6 Model 58 Stepping 9, GenuineIntel



---------------  S Y S T E M  ---------------

OS: Windows 7 , 64 bit Build 7601 (6.1.7601.24335)

CPU:total 4 (initial active 4) (4 cores per cpu, 1 threads per core) family 6 model 58 stepping 9, cmov, cx8, fxsr, mmx, sse, sse2, sse3, ssse3, sse4.1, sse4.2, popcnt, avx, aes, clmul, erms, tsc, tscinvbit, tscinv

Memory: 4k page, physical 4147720k(611844k free), swap 8293536k(2184136k free)

vm_info: Java HotSpot(TM) 64-Bit Server VM (25.191-b12) for windows-amd64 JRE (1.8.0_191-b12), built on Oct  6 2018 09:29:03 by "java_re" with MS VC++ 10.0 (VS2010)

time: Wed Jan 16 10:58:26 2019
elapsed time: 1 seconds (0d 0h 0m 1s)

